Сборка начата 21.09.2021 13:27:37.
Уровень детализации журнала: Normal.     1>Проект "C:\Users\User\OneDrive\Рабочий стол\ОПИ\лабораторная работа\лабораторная работа №1\helloword\lab_02\lab_02.vcxproj" в узле 2 (целевые объекты Build).
     1>PrepareForBuild:
         Создание каталога "C:\Users\User\OneDrive\Рабочий стол\ОПИ\лабораторная работа\лабораторная работа №1\helloword\Release\".
         Создание каталога "Release\lab_02.tlog\".
       InitializeBuildStatus:
         Создание "Release\lab_02.tlog\unsuccessfulbuild", так как было задано "AlwaysCreate".
       ClCompile:
         C:\Program Files (x86)\Microsoft Visual Studio\2019\Enterprise\VC\Tools\MSVC\14.29.30133\bin\HostX86\x86\CL.exe /c /Zi /nologo /W3 /WX- /diagnostics:column /sdl /O2 /Oi /Oy- /GL /D WIN32 /D NDEBUG /D _CONSOLE /D _UNICODE /D UNICODE /Gm- /EHsc /MD /GS /Gy /fp:precise /permissive- /Zc:wchar_t /Zc:forScope /Zc:inline /Fo"Release\\" /Fd"Release\vc142.pdb" /external:W3 /Gd /TP /analyze- /FC /errorReport:prompt lab02.cpp
         lab02.cpp
       Link:
         C:\Program Files (x86)\Microsoft Visual Studio\2019\Enterprise\VC\Tools\MSVC\14.29.30133\bin\HostX86\x86\link.exe /ERRORREPORT:PROMPT /OUT:"C:\Users\User\OneDrive\Рабочий стол\ОПИ\лабораторная работа\лабораторная работа №1\helloword\Release\lab_02.exe" /INCREMENTAL:NO /NOLOGO kernel32.lib user32.lib gdi32.lib winspool.lib comdlg32.lib advapi32.lib shell32.lib ole32.lib oleaut32.lib uuid.lib odbc32.lib odbccp32.lib /MANIFEST /MANIFESTUAC:"level='asInvoker' uiAccess='false'" /manifest:embed /DEBUG /PDB:"C:\Users\User\OneDrive\Рабочий стол\ОПИ\лабораторная работа\лабораторная работа №1\helloword\Release\lab_02.pdb" /SUBSYSTEM:CONSOLE /OPT:REF /OPT:ICF /LTCG:incremental /LTCGOUT:"Release\lab_02.iobj" /TLBID:1 /DYNAMICBASE /NXCOMPAT /IMPLIB:"C:\Users\User\OneDrive\Рабочий стол\ОПИ\лабораторная работа\лабораторная работа №1\helloword\Release\lab_02.lib" /MACHINE:X86 /SAFESEH Release\lab02.obj
         Создание кода
         Previous IPDB not found, fall back to full compilation.
         All 11 functions were compiled because no usable IPDB/IOBJ from previous compilation was found.
         Создание кода завершено
         lab_02.vcxproj -> C:\Users\User\OneDrive\Рабочий стол\ОПИ\лабораторная работа\лабораторная работа №1\helloword\Release\lab_02.exe
       FinalizeBuildStatus:
         Файл "Release\lab_02.tlog\unsuccessfulbuild" удаляется.
         Обращение к "Release\lab_02.tlog\lab_02.lastbuildstate".
     1>Сборка проекта "C:\Users\User\OneDrive\Рабочий стол\ОПИ\лабораторная работа\лабораторная работа №1\helloword\lab_02\lab_02.vcxproj" завершена (целевые объекты Build).

Сборка успешно завершена.
    Предупреждений: 0
    Ошибок: 0

Прошло времени 00:00:01.89
