Сборка начата 02.11.2021 2:24:12.
Уровень детализации журнала: Normal.     1>Проект "C:\Users\User\OneDrive\Рабочий стол\основы с++\календарь\календарь\календарь.vcxproj" в узле 2 (целевые объекты Build).
     1>InitializeBuildStatus:
         Создание "Debug\календарь.tlog\unsuccessfulbuild", так как было задано "AlwaysCreate".
       ClCompile:
         C:\Program Files (x86)\Microsoft Visual Studio\2019\Enterprise\VC\Tools\MSVC\14.29.30133\bin\HostX86\x86\CL.exe /c /ZI /JMC /nologo /W3 /WX- /diagnostics:column /sdl /Od /Oy- /D WIN32 /D _DEBUG /D _CONSOLE /D _UNICODE /D UNICODE /Gm- /EHsc /RTC1 /MDd /GS /fp:precise /permissive- /Zc:wchar_t /Zc:forScope /Zc:inline /Fo"Debug\\" /Fd"Debug\vc142.pdb" /external:W3 /Gd /TP /analyze- /FC /errorReport:prompt Source.cpp
         Source.cpp
     1>C:\Users\User\OneDrive\Рабочий стол\основы с++\календарь\календарь\Source.cpp(13,1): warning C4326: возвращаемый тип "main" должен быть "int", а не "void"
       Link:
         C:\Program Files (x86)\Microsoft Visual Studio\2019\Enterprise\VC\Tools\MSVC\14.29.30133\bin\HostX86\x86\link.exe /ERRORREPORT:PROMPT /OUT:"C:\Users\User\OneDrive\Рабочий стол\основы с++\календарь\Debug\календарь.exe" /INCREMENTAL /ILK:"Debug\календарь.ilk" /NOLOGO kernel32.lib user32.lib gdi32.lib winspool.lib comdlg32.lib advapi32.lib shell32.lib ole32.lib oleaut32.lib uuid.lib odbc32.lib odbccp32.lib /MANIFEST /MANIFESTUAC:"level='asInvoker' uiAccess='false'" /manifest:embed /DEBUG /PDB:"C:\Users\User\OneDrive\Рабочий стол\основы с++\календарь\Debug\календарь.pdb" /SUBSYSTEM:CONSOLE /TLBID:1 /DYNAMICBASE /NXCOMPAT /IMPLIB:"C:\Users\User\OneDrive\Рабочий стол\основы с++\календарь\Debug\календарь.lib" /MACHINE:X86 Debug\Source.obj
         календарь.vcxproj -> C:\Users\User\OneDrive\Рабочий стол\основы с++\календарь\Debug\календарь.exe
       FinalizeBuildStatus:
         Файл "Debug\календарь.tlog\unsuccessfulbuild" удаляется.
         Обращение к "Debug\календарь.tlog\календарь.lastbuildstate".
     1>Сборка проекта "C:\Users\User\OneDrive\Рабочий стол\основы с++\календарь\календарь\календарь.vcxproj" завершена (целевые объекты Build).

Сборка успешно завершена.

       "C:\Users\User\OneDrive\Рабочий стол\основы с++\календарь\календарь\календарь.vcxproj" (целевой объект Build ) (1) ->
       (Целевой объект ClCompile) -> 
         C:\Users\User\OneDrive\Рабочий стол\основы с++\календарь\календарь\Source.cpp(13,1): warning C4326: возвращаемый тип "main" должен быть "int", а не "void"

    Предупреждений: 1
    Ошибок: 0

Прошло времени 00:00:01.92
