Сборка начата 20.10.2021 2:33:29.
Уровень детализации журнала: Normal.     1>Проект "C:\Users\User\OneDrive\Рабочий стол\основы с++\Project1\rand,srand\rand,srand.vcxproj" в узле 2 (целевые объекты Build).
     1>InitializeBuildStatus:
         Создание "Debug\rand,srand.tlog\unsuccessfulbuild", так как было задано "AlwaysCreate".
       ClCompile:
         C:\Program Files (x86)\Microsoft Visual Studio\2019\Enterprise\VC\Tools\MSVC\14.29.30133\bin\HostX86\x86\CL.exe /c /ZI /JMC /nologo /W3 /WX- /diagnostics:column /sdl /Od /Oy- /D WIN32 /D _DEBUG /D _CONSOLE /D _UNICODE /D UNICODE /Gm- /EHsc /RTC1 /MDd /GS /fp:precise /permissive- /Zc:wchar_t /Zc:forScope /Zc:inline /Fo"Debug\\" /Fd"Debug\vc142.pdb" /external:W3 /Gd /TP /analyze- /FC /errorReport:prompt Source.cpp
         Source.cpp
     1>C:\Users\User\OneDrive\Рабочий стол\основы с++\Project1\rand,srand\Source.cpp(4,13): warning C4326: возвращаемый тип "main" должен быть "int", а не "void"
     1>C:\Users\User\OneDrive\Рабочий стол\основы с++\Project1\rand,srand\Source.cpp(6,12): warning C4244: аргумент: преобразование "time_t" в "unsigned int", возможна потеря данных
       Link:
         C:\Program Files (x86)\Microsoft Visual Studio\2019\Enterprise\VC\Tools\MSVC\14.29.30133\bin\HostX86\x86\link.exe /ERRORREPORT:PROMPT /OUT:"C:\Users\User\OneDrive\Рабочий стол\основы с++\Project1\Debug\rand,srand.exe" /INCREMENTAL /ILK:"Debug\rand,srand.ilk" /NOLOGO kernel32.lib user32.lib gdi32.lib winspool.lib comdlg32.lib advapi32.lib shell32.lib ole32.lib oleaut32.lib uuid.lib odbc32.lib odbccp32.lib /MANIFEST /MANIFESTUAC:"level='asInvoker' uiAccess='false'" /manifest:embed /DEBUG /PDB:"C:\Users\User\OneDrive\Рабочий стол\основы с++\Project1\Debug\rand,srand.pdb" /SUBSYSTEM:CONSOLE /TLBID:1 /DYNAMICBASE /NXCOMPAT /IMPLIB:"C:\Users\User\OneDrive\Рабочий стол\основы с++\Project1\Debug\rand,srand.lib" /MACHINE:X86 Debug\Source.obj
         rand,srand.vcxproj -> C:\Users\User\OneDrive\Рабочий стол\основы с++\Project1\Debug\rand,srand.exe
       FinalizeBuildStatus:
         Файл "Debug\rand,srand.tlog\unsuccessfulbuild" удаляется.
         Обращение к "Debug\rand,srand.tlog\rand,srand.lastbuildstate".
     1>Сборка проекта "C:\Users\User\OneDrive\Рабочий стол\основы с++\Project1\rand,srand\rand,srand.vcxproj" завершена (целевые объекты Build).

Сборка успешно завершена.

       "C:\Users\User\OneDrive\Рабочий стол\основы с++\Project1\rand,srand\rand,srand.vcxproj" (целевой объект Build ) (1) ->
       (Целевой объект ClCompile) -> 
         C:\Users\User\OneDrive\Рабочий стол\основы с++\Project1\rand,srand\Source.cpp(4,13): warning C4326: возвращаемый тип "main" должен быть "int", а не "void"
         C:\Users\User\OneDrive\Рабочий стол\основы с++\Project1\rand,srand\Source.cpp(6,12): warning C4244: аргумент: преобразование "time_t" в "unsigned int", возможна потеря данных

    Предупреждений: 2
    Ошибок: 0

Прошло времени 00:00:03.15
