Сборка начата 12.10.2021 15:31:48.
Уровень детализации журнала: Normal.     1>Проект "C:\Users\User\OneDrive\Рабочий стол\ОПИ\лабораторная работа\лабораторная работа №1\helloword\lab03\lab03.vcxproj" в узле 2 (целевые объекты Build).
     1>InitializeBuildStatus:
         Создание "Debug\lab03.tlog\unsuccessfulbuild", так как было задано "AlwaysCreate".
       ClCompile:
         C:\Program Files (x86)\Microsoft Visual Studio\2019\Enterprise\VC\Tools\MSVC\14.29.30133\bin\HostX86\x86\CL.exe /c /ZI /JMC /nologo /W3 /WX- /diagnostics:column /sdl /Od /Oy- /D WIN32 /D _DEBUG /D _CONSOLE /D _UNICODE /D UNICODE /Gm- /EHsc /RTC1 /MDd /GS /fp:precise /permissive- /Zc:wchar_t /Zc:forScope /Zc:inline /Fo"Debug\\" /Fd"Debug\vc142.pdb" /external:W3 /Gd /TP /analyze- /FC /errorReport:prompt /utf-8 lab03.cpp
         lab03.cpp
     1>C:\Users\User\OneDrive\Рабочий стол\ОПИ\лабораторная работа\лабораторная работа №1\helloword\lab03\lab03.cpp(1,1): warning C4828: Файл содержит знак, начинающийся со смещения 0x2b, который является недопустимым в текущей исходной кодировке (кодовая страница 65001).
     1>C:\Users\User\OneDrive\Рабочий стол\ОПИ\лабораторная работа\лабораторная работа №1\helloword\lab03\lab03.cpp(1,1): warning C4828: Файл содержит знак, начинающийся со смещения 0x2e, который является недопустимым в текущей исходной кодировке (кодовая страница 65001).
     1>C:\Users\User\OneDrive\Рабочий стол\ОПИ\лабораторная работа\лабораторная работа №1\helloword\lab03\lab03.cpp(1,1): warning C4828: Файл содержит знак, начинающийся со смещения 0x31, который является недопустимым в текущей исходной кодировке (кодовая страница 65001).
     1>C:\Users\User\OneDrive\Рабочий стол\ОПИ\лабораторная работа\лабораторная работа №1\helloword\lab03\lab03.cpp(1,1): warning C4828: Файл содержит знак, начинающийся со смещения 0x34, который является недопустимым в текущей исходной кодировке (кодовая страница 65001).
     1>C:\Users\User\OneDrive\Рабочий стол\ОПИ\лабораторная работа\лабораторная работа №1\helloword\lab03\lab03.cpp(1,1): warning C4828: Файл содержит знак, начинающийся со смещения 0x37, который является недопустимым в текущей исходной кодировке (кодовая страница 65001).
     1>C:\Users\User\OneDrive\Рабочий стол\ОПИ\лабораторная работа\лабораторная работа №1\helloword\lab03\lab03.cpp(1,1): warning C4828: Файл содержит знак, начинающийся со смещения 0x3a, который является недопустимым в текущей исходной кодировке (кодовая страница 65001).
     1>C:\Users\User\OneDrive\Рабочий стол\ОПИ\лабораторная работа\лабораторная работа №1\helloword\lab03\lab03.cpp(1,1): warning C4828: Файл содержит знак, начинающийся со смещения 0x3e, который является недопустимым в текущей исходной кодировке (кодовая страница 65001).
     1>C:\Users\User\OneDrive\Рабочий стол\ОПИ\лабораторная работа\лабораторная работа №1\helloword\lab03\lab03.cpp(1,1): warning C4828: Файл содержит знак, начинающийся со смещения 0x86, который является недопустимым в текущей исходной кодировке (кодовая страница 65001).
     1>C:\Users\User\OneDrive\Рабочий стол\ОПИ\лабораторная работа\лабораторная работа №1\helloword\lab03\lab03.cpp(1,1): warning C4828: Файл содержит знак, начинающийся со смещения 0x89, который является недопустимым в текущей исходной кодировке (кодовая страница 65001).
     1>C:\Users\User\OneDrive\Рабочий стол\ОПИ\лабораторная работа\лабораторная работа №1\helloword\lab03\lab03.cpp(1,1): warning C4828: Файл содержит знак, начинающийся со смещения 0x8c, который является недопустимым в текущей исходной кодировке (кодовая страница 65001).
     1>C:\Users\User\OneDrive\Рабочий стол\ОПИ\лабораторная работа\лабораторная работа №1\helloword\lab03\lab03.cpp(1,1): warning C4828: Файл содержит знак, начинающийся со смещения 0x8f, который является недопустимым в текущей исходной кодировке (кодовая страница 65001).
     1>C:\Users\User\OneDrive\Рабочий стол\ОПИ\лабораторная работа\лабораторная работа №1\helloword\lab03\lab03.cpp(1,1): warning C4828: Файл содержит знак, начинающийся со смещения 0x92, который является недопустимым в текущей исходной кодировке (кодовая страница 65001).
     1>C:\Users\User\OneDrive\Рабочий стол\ОПИ\лабораторная работа\лабораторная работа №1\helloword\lab03\lab03.cpp(1,1): warning C4828: Файл содержит знак, начинающийся со смещения 0x95, который является недопустимым в текущей исходной кодировке (кодовая страница 65001).
     1>C:\Users\User\OneDrive\Рабочий стол\ОПИ\лабораторная работа\лабораторная работа №1\helloword\lab03\lab03.cpp(1,1): warning C4828: Файл содержит знак, начинающийся со смещения 0x99, который является недопустимым в текущей исходной кодировке (кодовая страница 65001).
     1>C:\Users\User\OneDrive\Рабочий стол\ОПИ\лабораторная работа\лабораторная работа №1\helloword\lab03\lab03.cpp(1,1): warning C4828: Файл содержит знак, начинающийся со смещения 0xd8, который является недопустимым в текущей исходной кодировке (кодовая страница 65001).
     1>C:\Users\User\OneDrive\Рабочий стол\ОПИ\лабораторная работа\лабораторная работа №1\helloword\lab03\lab03.cpp(1,1): warning C4828: Файл содержит знак, начинающийся со смещения 0xdb, который является недопустимым в текущей исходной кодировке (кодовая страница 65001).
     1>C:\Users\User\OneDrive\Рабочий стол\ОПИ\лабораторная работа\лабораторная работа №1\helloword\lab03\lab03.cpp(1,1): warning C4828: Файл содержит знак, начинающийся со смещения 0xde, который является недопустимым в текущей исходной кодировке (кодовая страница 65001).
     1>C:\Users\User\OneDrive\Рабочий стол\ОПИ\лабораторная работа\лабораторная работа №1\helloword\lab03\lab03.cpp(1,1): warning C4828: Файл содержит знак, начинающийся со смещения 0xe1, который является недопустимым в текущей исходной кодировке (кодовая страница 65001).
     1>C:\Users\User\OneDrive\Рабочий стол\ОПИ\лабораторная работа\лабораторная работа №1\helloword\lab03\lab03.cpp(1,1): warning C4828: Файл содержит знак, начинающийся со смещения 0xe4, который является недопустимым в текущей исходной кодировке (кодовая страница 65001).
     1>C:\Users\User\OneDrive\Рабочий стол\ОПИ\лабораторная работа\лабораторная работа №1\helloword\lab03\lab03.cpp(1,1): warning C4828: Файл содержит знак, начинающийся со смещения 0xe7, который является недопустимым в текущей исходной кодировке (кодовая страница 65001).
     1>C:\Users\User\OneDrive\Рабочий стол\ОПИ\лабораторная работа\лабораторная работа №1\helloword\lab03\lab03.cpp(1,1): warning C4828: Файл содержит знак, начинающийся со смещения 0xeb, который является недопустимым в текущей исходной кодировке (кодовая страница 65001).
     1>C:\Users\User\OneDrive\Рабочий стол\ОПИ\лабораторная работа\лабораторная работа №1\helloword\lab03\lab03.cpp(1,1): warning C4828: Файл содержит знак, начинающийся со смещения 0x14b, который является недопустимым в текущей исходной кодировке (кодовая страница 65001).
     1>C:\Users\User\OneDrive\Рабочий стол\ОПИ\лабораторная работа\лабораторная работа №1\helloword\lab03\lab03.cpp(1,1): warning C4828: Файл содержит знак, начинающийся со смещения 0x14d, который является недопустимым в текущей исходной кодировке (кодовая страница 65001).
     1>C:\Users\User\OneDrive\Рабочий стол\ОПИ\лабораторная работа\лабораторная работа №1\helloword\lab03\lab03.cpp(1,1): warning C4828: Файл содержит знак, начинающийся со смещения 0x150, который является недопустимым в текущей исходной кодировке (кодовая страница 65001).
     1>C:\Users\User\OneDrive\Рабочий стол\ОПИ\лабораторная работа\лабораторная работа №1\helloword\lab03\lab03.cpp(1,1): warning C4828: Файл содержит знак, начинающийся со смещения 0x153, который является недопустимым в текущей исходной кодировке (кодовая страница 65001).
     1>C:\Users\User\OneDrive\Рабочий стол\ОПИ\лабораторная работа\лабораторная работа №1\helloword\lab03\lab03.cpp(1,1): warning C4828: Файл содержит знак, начинающийся со смещения 0x156, который является недопустимым в текущей исходной кодировке (кодовая страница 65001).
     1>C:\Users\User\OneDrive\Рабочий стол\ОПИ\лабораторная работа\лабораторная работа №1\helloword\lab03\lab03.cpp(1,1): warning C4828: Файл содержит знак, начинающийся со смещения 0x159, который является недопустимым в текущей исходной кодировке (кодовая страница 65001).
     1>C:\Users\User\OneDrive\Рабочий стол\ОПИ\лабораторная работа\лабораторная работа №1\helloword\lab03\lab03.cpp(1,1): warning C4828: Файл содержит знак, начинающийся со смещения 0x15c, который является недопустимым в текущей исходной кодировке (кодовая страница 65001).
     1>C:\Users\User\OneDrive\Рабочий стол\ОПИ\лабораторная работа\лабораторная работа №1\helloword\lab03\lab03.cpp(1,1): warning C4828: Файл содержит знак, начинающийся со смещения 0x160, который является недопустимым в текущей исходной кодировке (кодовая страница 65001).
     1>C:\Users\User\OneDrive\Рабочий стол\ОПИ\лабораторная работа\лабораторная работа №1\helloword\lab03\lab03.cpp(1,1): warning C4828: Файл содержит знак, начинающийся со смещения 0x164, который является недопустимым в текущей исходной кодировке (кодовая страница 65001).
     1>C:\Users\User\OneDrive\Рабочий стол\ОПИ\лабораторная работа\лабораторная работа №1\helloword\lab03\lab03.cpp(1,1): warning C4828: Файл содержит знак, начинающийся со смещения 0x16e, который является недопустимым в текущей исходной кодировке (кодовая страница 65001).
     1>C:\Users\User\OneDrive\Рабочий стол\ОПИ\лабораторная работа\лабораторная работа №1\helloword\lab03\lab03.cpp(1,1): warning C4828: Файл содержит знак, начинающийся со смещения 0x171, который является недопустимым в текущей исходной кодировке (кодовая страница 65001).
     1>C:\Users\User\OneDrive\Рабочий стол\ОПИ\лабораторная работа\лабораторная работа №1\helloword\lab03\lab03.cpp(1,1): warning C4828: Файл содержит знак, начинающийся со смещения 0x174, который является недопустимым в текущей исходной кодировке (кодовая страница 65001).
     1>C:\Users\User\OneDrive\Рабочий стол\ОПИ\лабораторная работа\лабораторная работа №1\helloword\lab03\lab03.cpp(1,1): warning C4828: Файл содержит знак, начинающийся со смещения 0x177, который является недопустимым в текущей исходной кодировке (кодовая страница 65001).
     1>C:\Users\User\OneDrive\Рабочий стол\ОПИ\лабораторная работа\лабораторная работа №1\helloword\lab03\lab03.cpp(1,1): warning C4828: Файл содержит знак, начинающийся со смещения 0x17a, который является недопустимым в текущей исходной кодировке (кодовая страница 65001).
     1>C:\Users\User\OneDrive\Рабочий стол\ОПИ\лабораторная работа\лабораторная работа №1\helloword\lab03\lab03.cpp(1,1): warning C4828: Файл содержит знак, начинающийся со смещения 0x17d, который является недопустимым в текущей исходной кодировке (кодовая страница 65001).
     1>C:\Users\User\OneDrive\Рабочий стол\ОПИ\лабораторная работа\лабораторная работа №1\helloword\lab03\lab03.cpp(1,1): warning C4828: Файл содержит знак, начинающийся со смещения 0x181, который является недопустимым в текущей исходной кодировке (кодовая страница 65001).
     1>C:\Users\User\OneDrive\Рабочий стол\ОПИ\лабораторная работа\лабораторная работа №1\helloword\lab03\lab03.cpp(1,1): warning C4828: Файл содержит знак, начинающийся со смещения 0x1f3, который является недопустимым в текущей исходной кодировке (кодовая страница 65001).
     1>C:\Users\User\OneDrive\Рабочий стол\ОПИ\лабораторная работа\лабораторная работа №1\helloword\lab03\lab03.cpp(1,1): warning C4828: Файл содержит знак, начинающийся со смещения 0x1f6, который является недопустимым в текущей исходной кодировке (кодовая страница 65001).
     1>C:\Users\User\OneDrive\Рабочий стол\ОПИ\лабораторная работа\лабораторная работа №1\helloword\lab03\lab03.cpp(1,1): warning C4828: Файл содержит знак, начинающийся со смещения 0x1f9, который является недопустимым в текущей исходной кодировке (кодовая страница 65001).
     1>C:\Users\User\OneDrive\Рабочий стол\ОПИ\лабораторная работа\лабораторная работа №1\helloword\lab03\lab03.cpp(1,1): warning C4828: Файл содержит знак, начинающийся со смещения 0x1fc, который является недопустимым в текущей исходной кодировке (кодовая страница 65001).
     1>C:\Users\User\OneDrive\Рабочий стол\ОПИ\лабораторная работа\лабораторная работа №1\helloword\lab03\lab03.cpp(1,1): warning C4828: Файл содержит знак, начинающийся со смещения 0x1ff, который является недопустимым в текущей исходной кодировке (кодовая страница 65001).
     1>C:\Users\User\OneDrive\Рабочий стол\ОПИ\лабораторная работа\лабораторная работа №1\helloword\lab03\lab03.cpp(1,1): warning C4828: Файл содержит знак, начинающийся со смещения 0x202, который является недопустимым в текущей исходной кодировке (кодовая страница 65001).
     1>C:\Users\User\OneDrive\Рабочий стол\ОПИ\лабораторная работа\лабораторная работа №1\helloword\lab03\lab03.cpp(1,1): warning C4828: Файл содержит знак, начинающийся со смещения 0x206, который является недопустимым в текущей исходной кодировке (кодовая страница 65001).
     1>C:\Users\User\OneDrive\Рабочий стол\ОПИ\лабораторная работа\лабораторная работа №1\helloword\lab03\lab03.cpp(1,1): warning C4828: Файл содержит знак, начинающийся со смещения 0x2a3, который является недопустимым в текущей исходной кодировке (кодовая страница 65001).
     1>C:\Users\User\OneDrive\Рабочий стол\ОПИ\лабораторная работа\лабораторная работа №1\helloword\lab03\lab03.cpp(1,1): warning C4828: Файл содержит знак, начинающийся со смещения 0x2a6, который является недопустимым в текущей исходной кодировке (кодовая страница 65001).
     1>C:\Users\User\OneDrive\Рабочий стол\ОПИ\лабораторная работа\лабораторная работа №1\helloword\lab03\lab03.cpp(1,1): warning C4828: Файл содержит знак, начинающийся со смещения 0x2a9, который является недопустимым в текущей исходной кодировке (кодовая страница 65001).
     1>C:\Users\User\OneDrive\Рабочий стол\ОПИ\лабораторная работа\лабораторная работа №1\helloword\lab03\lab03.cpp(1,1): warning C4828: Файл содержит знак, начинающийся со смещения 0x2ac, который является недопустимым в текущей исходной кодировке (кодовая страница 65001).
     1>C:\Users\User\OneDrive\Рабочий стол\ОПИ\лабораторная работа\лабораторная работа №1\helloword\lab03\lab03.cpp(1,1): warning C4828: Файл содержит знак, начинающийся со смещения 0x2af, который является недопустимым в текущей исходной кодировке (кодовая страница 65001).
     1>C:\Users\User\OneDrive\Рабочий стол\ОПИ\лабораторная работа\лабораторная работа №1\helloword\lab03\lab03.cpp(1,1): warning C4828: Файл содержит знак, начинающийся со смещения 0x2b2, который является недопустимым в текущей исходной кодировке (кодовая страница 65001).
     1>C:\Users\User\OneDrive\Рабочий стол\ОПИ\лабораторная работа\лабораторная работа №1\helloword\lab03\lab03.cpp(1,1): warning C4828: Файл содержит знак, начинающийся со смещения 0x2b6, который является недопустимым в текущей исходной кодировке (кодовая страница 65001).
     1>C:\Users\User\OneDrive\Рабочий стол\ОПИ\лабораторная работа\лабораторная работа №1\helloword\lab03\lab03.cpp(1,1): warning C4828: Файл содержит знак, начинающийся со смещения 0x354, который является недопустимым в текущей исходной кодировке (кодовая страница 65001).
     1>C:\Users\User\OneDrive\Рабочий стол\ОПИ\лабораторная работа\лабораторная работа №1\helloword\lab03\lab03.cpp(1,1): warning C4828: Файл содержит знак, начинающийся со смещения 0x356, который является недопустимым в текущей исходной кодировке (кодовая страница 65001).
     1>C:\Users\User\OneDrive\Рабочий стол\ОПИ\лабораторная работа\лабораторная работа №1\helloword\lab03\lab03.cpp(1,1): warning C4828: Файл содержит знак, начинающийся со смещения 0x359, который является недопустимым в текущей исходной кодировке (кодовая страница 65001).
     1>C:\Users\User\OneDrive\Рабочий стол\ОПИ\лабораторная работа\лабораторная работа №1\helloword\lab03\lab03.cpp(1,1): warning C4828: Файл содержит знак, начинающийся со смещения 0x368, который является недопустимым в текущей исходной кодировке (кодовая страница 65001).
     1>C:\Users\User\OneDrive\Рабочий стол\ОПИ\лабораторная работа\лабораторная работа №1\helloword\lab03\lab03.cpp(1,1): warning C4828: Файл содержит знак, начинающийся со смещения 0x36b, который является недопустимым в текущей исходной кодировке (кодовая страница 65001).
     1>C:\Users\User\OneDrive\Рабочий стол\ОПИ\лабораторная работа\лабораторная работа №1\helloword\lab03\lab03.cpp(1,1): warning C4828: Файл содержит знак, начинающийся со смещения 0x36e, который является недопустимым в текущей исходной кодировке (кодовая страница 65001).
     1>C:\Users\User\OneDrive\Рабочий стол\ОПИ\лабораторная работа\лабораторная работа №1\helloword\lab03\lab03.cpp(1,1): warning C4828: Файл содержит знак, начинающийся со смещения 0x371, который является недопустимым в текущей исходной кодировке (кодовая страница 65001).
     1>C:\Users\User\OneDrive\Рабочий стол\ОПИ\лабораторная работа\лабораторная работа №1\helloword\lab03\lab03.cpp(1,1): warning C4828: Файл содержит знак, начинающийся со смещения 0x374, который является недопустимым в текущей исходной кодировке (кодовая страница 65001).
     1>C:\Users\User\OneDrive\Рабочий стол\ОПИ\лабораторная работа\лабораторная работа №1\helloword\lab03\lab03.cpp(1,1): warning C4828: Файл содержит знак, начинающийся со смещения 0x377, который является недопустимым в текущей исходной кодировке (кодовая страница 65001).
     1>C:\Users\User\OneDrive\Рабочий стол\ОПИ\лабораторная работа\лабораторная работа №1\helloword\lab03\lab03.cpp(1,1): warning C4828: Файл содержит знак, начинающийся со смещения 0x37b, который является недопустимым в текущей исходной кодировке (кодовая страница 65001).
     1>C:\Users\User\OneDrive\Рабочий стол\ОПИ\лабораторная работа\лабораторная работа №1\helloword\lab03\lab03.cpp(1,1): warning C4828: Файл содержит знак, начинающийся со смещения 0x3c3, который является недопустимым в текущей исходной кодировке (кодовая страница 65001).
     1>C:\Users\User\OneDrive\Рабочий стол\ОПИ\лабораторная работа\лабораторная работа №1\helloword\lab03\lab03.cpp(1,1): warning C4828: Файл содержит знак, начинающийся со смещения 0x3c6, который является недопустимым в текущей исходной кодировке (кодовая страница 65001).
     1>C:\Users\User\OneDrive\Рабочий стол\ОПИ\лабораторная работа\лабораторная работа №1\helloword\lab03\lab03.cpp(1,1): warning C4828: Файл содержит знак, начинающийся со смещения 0x3c9, который является недопустимым в текущей исходной кодировке (кодовая страница 65001).
     1>C:\Users\User\OneDrive\Рабочий стол\ОПИ\лабораторная работа\лабораторная работа №1\helloword\lab03\lab03.cpp(1,1): warning C4828: Файл содержит знак, начинающийся со смещения 0x3cc, который является недопустимым в текущей исходной кодировке (кодовая страница 65001).
     1>C:\Users\User\OneDrive\Рабочий стол\ОПИ\лабораторная работа\лабораторная работа №1\helloword\lab03\lab03.cpp(1,1): warning C4828: Файл содержит знак, начинающийся со смещения 0x3cf, который является недопустимым в текущей исходной кодировке (кодовая страница 65001).
     1>C:\Users\User\OneDrive\Рабочий стол\ОПИ\лабораторная работа\лабораторная работа №1\helloword\lab03\lab03.cpp(1,1): warning C4828: Файл содержит знак, начинающийся со смещения 0x3d2, который является недопустимым в текущей исходной кодировке (кодовая страница 65001).
     1>C:\Users\User\OneDrive\Рабочий стол\ОПИ\лабораторная работа\лабораторная работа №1\helloword\lab03\lab03.cpp(1,1): warning C4828: Файл содержит знак, начинающийся со смещения 0x3d6, который является недопустимым в текущей исходной кодировке (кодовая страница 65001).
     1>C:\Users\User\OneDrive\Рабочий стол\ОПИ\лабораторная работа\лабораторная работа №1\helloword\lab03\lab03.cpp(1,1): warning C4828: Файл содержит знак, начинающийся со смещения 0x420, который является недопустимым в текущей исходной кодировке (кодовая страница 65001).
     1>C:\Users\User\OneDrive\Рабочий стол\ОПИ\лабораторная работа\лабораторная работа №1\helloword\lab03\lab03.cpp(1,1): warning C4828: Файл содержит знак, начинающийся со смещения 0x423, который является недопустимым в текущей исходной кодировке (кодовая страница 65001).
     1>C:\Users\User\OneDrive\Рабочий стол\ОПИ\лабораторная работа\лабораторная работа №1\helloword\lab03\lab03.cpp(1,1): warning C4828: Файл содержит знак, начинающийся со смещения 0x426, который является недопустимым в текущей исходной кодировке (кодовая страница 65001).
     1>C:\Users\User\OneDrive\Рабочий стол\ОПИ\лабораторная работа\лабораторная работа №1\helloword\lab03\lab03.cpp(1,1): warning C4828: Файл содержит знак, начинающийся со смещения 0x429, который является недопустимым в текущей исходной кодировке (кодовая страница 65001).
     1>C:\Users\User\OneDrive\Рабочий стол\ОПИ\лабораторная работа\лабораторная работа №1\helloword\lab03\lab03.cpp(1,1): warning C4828: Файл содержит знак, начинающийся со смещения 0x42c, который является недопустимым в текущей исходной кодировке (кодовая страница 65001).
     1>C:\Users\User\OneDrive\Рабочий стол\ОПИ\лабораторная работа\лабораторная работа №1\helloword\lab03\lab03.cpp(1,1): warning C4828: Файл содержит знак, начинающийся со смещения 0x42f, который является недопустимым в текущей исходной кодировке (кодовая страница 65001).
     1>C:\Users\User\OneDrive\Рабочий стол\ОПИ\лабораторная работа\лабораторная работа №1\helloword\lab03\lab03.cpp(1,1): warning C4828: Файл содержит знак, начинающийся со смещения 0x433, который является недопустимым в текущей исходной кодировке (кодовая страница 65001).
     1>C:\Users\User\OneDrive\Рабочий стол\ОПИ\лабораторная работа\лабораторная работа №1\helloword\lab03\lab03.cpp(1,1): warning C4828: Файл содержит знак, начинающийся со смещения 0x4f7, который является недопустимым в текущей исходной кодировке (кодовая страница 65001).
     1>C:\Users\User\OneDrive\Рабочий стол\ОПИ\лабораторная работа\лабораторная работа №1\helloword\lab03\lab03.cpp(1,1): warning C4828: Файл содержит знак, начинающийся со смещения 0x4f9, который является недопустимым в текущей исходной кодировке (кодовая страница 65001).
     1>C:\Users\User\OneDrive\Рабочий стол\ОПИ\лабораторная работа\лабораторная работа №1\helloword\lab03\lab03.cpp(1,1): warning C4828: Файл содержит знак, начинающийся со смещения 0x4fc, который является недопустимым в текущей исходной кодировке (кодовая страница 65001).
     1>C:\Users\User\OneDrive\Рабочий стол\ОПИ\лабораторная работа\лабораторная работа №1\helloword\lab03\lab03.cpp(1,1): warning C4828: Файл содержит знак, начинающийся со смещения 0x4ff, который является недопустимым в текущей исходной кодировке (кодовая страница 65001).
     1>C:\Users\User\OneDrive\Рабочий стол\ОПИ\лабораторная работа\лабораторная работа №1\helloword\lab03\lab03.cpp(1,1): warning C4828: Файл содержит знак, начинающийся со смещения 0x502, который является недопустимым в текущей исходной кодировке (кодовая страница 65001).
     1>C:\Users\User\OneDrive\Рабочий стол\ОПИ\лабораторная работа\лабораторная работа №1\helloword\lab03\lab03.cpp(1,1): warning C4828: Файл содержит знак, начинающийся со смещения 0x505, который является недопустимым в текущей исходной кодировке (кодовая страница 65001).
     1>C:\Users\User\OneDrive\Рабочий стол\ОПИ\лабораторная работа\лабораторная работа №1\helloword\lab03\lab03.cpp(1,1): warning C4828: Файл содержит знак, начинающийся со смещения 0x508, который является недопустимым в текущей исходной кодировке (кодовая страница 65001).
     1>C:\Users\User\OneDrive\Рабочий стол\ОПИ\лабораторная работа\лабораторная работа №1\helloword\lab03\lab03.cpp(1,1): warning C4828: Файл содержит знак, начинающийся со смещения 0x50c, который является недопустимым в текущей исходной кодировке (кодовая страница 65001).
     1>C:\Users\User\OneDrive\Рабочий стол\ОПИ\лабораторная работа\лабораторная работа №1\helloword\lab03\lab03.cpp(1,1): warning C4828: Файл содержит знак, начинающийся со смещения 0x510, который является недопустимым в текущей исходной кодировке (кодовая страница 65001).
     1>C:\Users\User\OneDrive\Рабочий стол\ОПИ\лабораторная работа\лабораторная работа №1\helloword\lab03\lab03.cpp(1,1): warning C4828: Файл содержит знак, начинающийся со смещения 0x527, который является недопустимым в текущей исходной кодировке (кодовая страница 65001).
     1>C:\Users\User\OneDrive\Рабочий стол\ОПИ\лабораторная работа\лабораторная работа №1\helloword\lab03\lab03.cpp(1,1): warning C4828: Файл содержит знак, начинающийся со смещения 0x529, который является недопустимым в текущей исходной кодировке (кодовая страница 65001).
     1>C:\Users\User\OneDrive\Рабочий стол\ОПИ\лабораторная работа\лабораторная работа №1\helloword\lab03\lab03.cpp(1,1): warning C4828: Файл содержит знак, начинающийся со смещения 0x52c, который является недопустимым в текущей исходной кодировке (кодовая страница 65001).
     1>C:\Users\User\OneDrive\Рабочий стол\ОПИ\лабораторная работа\лабораторная работа №1\helloword\lab03\lab03.cpp(1,1): warning C4828: Файл содержит знак, начинающийся со смещения 0x579, который является недопустимым в текущей исходной кодировке (кодовая страница 65001).
     1>C:\Users\User\OneDrive\Рабочий стол\ОПИ\лабораторная работа\лабораторная работа №1\helloword\lab03\lab03.cpp(1,1): warning C4828: Файл содержит знак, начинающийся со смещения 0x57b, который является недопустимым в текущей исходной кодировке (кодовая страница 65001).
     1>C:\Users\User\OneDrive\Рабочий стол\ОПИ\лабораторная работа\лабораторная работа №1\helloword\lab03\lab03.cpp(1,1): warning C4828: Файл содержит знак, начинающийся со смещения 0x57e, который является недопустимым в текущей исходной кодировке (кодовая страница 65001).
     1>C:\Users\User\OneDrive\Рабочий стол\ОПИ\лабораторная работа\лабораторная работа №1\helloword\lab03\lab03.cpp(1,1): warning C4828: Файл содержит знак, начинающийся со смещения 0x581, который является недопустимым в текущей исходной кодировке (кодовая страница 65001).
     1>C:\Users\User\OneDrive\Рабочий стол\ОПИ\лабораторная работа\лабораторная работа №1\helloword\lab03\lab03.cpp(1,1): warning C4828: Файл содержит знак, начинающийся со смещения 0x584, который является недопустимым в текущей исходной кодировке (кодовая страница 65001).
     1>C:\Users\User\OneDrive\Рабочий стол\ОПИ\лабораторная работа\лабораторная работа №1\helloword\lab03\lab03.cpp(1,1): warning C4828: Файл содержит знак, начинающийся со смещения 0x587, который является недопустимым в текущей исходной кодировке (кодовая страница 65001).
     1>C:\Users\User\OneDrive\Рабочий стол\ОПИ\лабораторная работа\лабораторная работа №1\helloword\lab03\lab03.cpp(1,1): warning C4828: Файл содержит знак, начинающийся со смещения 0x58a, который является недопустимым в текущей исходной кодировке (кодовая страница 65001).
     1>C:\Users\User\OneDrive\Рабочий стол\ОПИ\лабораторная работа\лабораторная работа №1\helloword\lab03\lab03.cpp(1,1): warning C4828: Файл содержит знак, начинающийся со смещения 0x58e, который является недопустимым в текущей исходной кодировке (кодовая страница 65001).
     1>C:\Users\User\OneDrive\Рабочий стол\ОПИ\лабораторная работа\лабораторная работа №1\helloword\lab03\lab03.cpp(1,1): warning C4828: Файл содержит знак, начинающийся со смещения 0x592, который является недопустимым в текущей исходной кодировке (кодовая страница 65001).
     1>C:\Users\User\OneDrive\Рабочий стол\ОПИ\лабораторная работа\лабораторная работа №1\helloword\lab03\lab03.cpp(1,1): warning C4828: Файл содержит знак, начинающийся со смещения 0x5ad, который является недопустимым в текущей исходной кодировке (кодовая страница 65001).
     1>C:\Users\User\OneDrive\Рабочий стол\ОПИ\лабораторная работа\лабораторная работа №1\helloword\lab03\lab03.cpp(1,1): warning C4828: Файл содержит знак, начинающийся со смещения 0x5af, который является недопустимым в текущей исходной кодировке (кодовая страница 65001).
     1>C:\Users\User\OneDrive\Рабочий стол\ОПИ\лабораторная работа\лабораторная работа №1\helloword\lab03\lab03.cpp(1,1): warning C4828: Файл содержит знак, начинающийся со смещения 0x5b2, который является недопустимым в текущей исходной кодировке (кодовая страница 65001).
       Link:
         C:\Program Files (x86)\Microsoft Visual Studio\2019\Enterprise\VC\Tools\MSVC\14.29.30133\bin\HostX86\x86\link.exe /ERRORREPORT:PROMPT /OUT:"C:\Users\User\OneDrive\Рабочий стол\ОПИ\лабораторная работа\лабораторная работа №1\helloword\Debug\lab03.exe" /INCREMENTAL /ILK:"Debug\lab03.ilk" /NOLOGO kernel32.lib user32.lib gdi32.lib winspool.lib comdlg32.lib advapi32.lib shell32.lib ole32.lib oleaut32.lib uuid.lib odbc32.lib odbccp32.lib /MANIFEST /MANIFESTUAC:"level='asInvoker' uiAccess='false'" /manifest:embed /DEBUG /PDB:"C:\Users\User\OneDrive\Рабочий стол\ОПИ\лабораторная работа\лабораторная работа №1\helloword\Debug\lab03.pdb" /SUBSYSTEM:CONSOLE /TLBID:1 /DYNAMICBASE /NXCOMPAT /IMPLIB:"C:\Users\User\OneDrive\Рабочий стол\ОПИ\лабораторная работа\лабораторная работа №1\helloword\Debug\lab03.lib" /MACHINE:X86 Debug\lab03.obj
         lab03.vcxproj -> C:\Users\User\OneDrive\Рабочий стол\ОПИ\лабораторная работа\лабораторная работа №1\helloword\Debug\lab03.exe
       FinalizeBuildStatus:
         Файл "Debug\lab03.tlog\unsuccessfulbuild" удаляется.
         Обращение к "Debug\lab03.tlog\lab03.lastbuildstate".
     1>Сборка проекта "C:\Users\User\OneDrive\Рабочий стол\ОПИ\лабораторная работа\лабораторная работа №1\helloword\lab03\lab03.vcxproj" завершена (целевые объекты Build).

Сборка успешно завершена.

       "C:\Users\User\OneDrive\Рабочий стол\ОПИ\лабораторная работа\лабораторная работа №1\helloword\lab03\lab03.vcxproj" (целевой объект Build ) (1) ->
       (Целевой объект ClCompile) -> 
         C:\Users\User\OneDrive\Рабочий стол\ОПИ\лабораторная работа\лабораторная работа №1\helloword\lab03\lab03.cpp(1,1): warning C4828: Файл содержит знак, начинающийся со смещения 0x2b, который является недопустимым в текущей исходной кодировке (кодовая страница 65001).
         C:\Users\User\OneDrive\Рабочий стол\ОПИ\лабораторная работа\лабораторная работа №1\helloword\lab03\lab03.cpp(1,1): warning C4828: Файл содержит знак, начинающийся со смещения 0x2e, который является недопустимым в текущей исходной кодировке (кодовая страница 65001).
         C:\Users\User\OneDrive\Рабочий стол\ОПИ\лабораторная работа\лабораторная работа №1\helloword\lab03\lab03.cpp(1,1): warning C4828: Файл содержит знак, начинающийся со смещения 0x31, который является недопустимым в текущей исходной кодировке (кодовая страница 65001).
         C:\Users\User\OneDrive\Рабочий стол\ОПИ\лабораторная работа\лабораторная работа №1\helloword\lab03\lab03.cpp(1,1): warning C4828: Файл содержит знак, начинающийся со смещения 0x34, который является недопустимым в текущей исходной кодировке (кодовая страница 65001).
         C:\Users\User\OneDrive\Рабочий стол\ОПИ\лабораторная работа\лабораторная работа №1\helloword\lab03\lab03.cpp(1,1): warning C4828: Файл содержит знак, начинающийся со смещения 0x37, который является недопустимым в текущей исходной кодировке (кодовая страница 65001).
         C:\Users\User\OneDrive\Рабочий стол\ОПИ\лабораторная работа\лабораторная работа №1\helloword\lab03\lab03.cpp(1,1): warning C4828: Файл содержит знак, начинающийся со смещения 0x3a, который является недопустимым в текущей исходной кодировке (кодовая страница 65001).
         C:\Users\User\OneDrive\Рабочий стол\ОПИ\лабораторная работа\лабораторная работа №1\helloword\lab03\lab03.cpp(1,1): warning C4828: Файл содержит знак, начинающийся со смещения 0x3e, который является недопустимым в текущей исходной кодировке (кодовая страница 65001).
         C:\Users\User\OneDrive\Рабочий стол\ОПИ\лабораторная работа\лабораторная работа №1\helloword\lab03\lab03.cpp(1,1): warning C4828: Файл содержит знак, начинающийся со смещения 0x86, который является недопустимым в текущей исходной кодировке (кодовая страница 65001).
         C:\Users\User\OneDrive\Рабочий стол\ОПИ\лабораторная работа\лабораторная работа №1\helloword\lab03\lab03.cpp(1,1): warning C4828: Файл содержит знак, начинающийся со смещения 0x89, который является недопустимым в текущей исходной кодировке (кодовая страница 65001).
         C:\Users\User\OneDrive\Рабочий стол\ОПИ\лабораторная работа\лабораторная работа №1\helloword\lab03\lab03.cpp(1,1): warning C4828: Файл содержит знак, начинающийся со смещения 0x8c, который является недопустимым в текущей исходной кодировке (кодовая страница 65001).
         C:\Users\User\OneDrive\Рабочий стол\ОПИ\лабораторная работа\лабораторная работа №1\helloword\lab03\lab03.cpp(1,1): warning C4828: Файл содержит знак, начинающийся со смещения 0x8f, который является недопустимым в текущей исходной кодировке (кодовая страница 65001).
         C:\Users\User\OneDrive\Рабочий стол\ОПИ\лабораторная работа\лабораторная работа №1\helloword\lab03\lab03.cpp(1,1): warning C4828: Файл содержит знак, начинающийся со смещения 0x92, который является недопустимым в текущей исходной кодировке (кодовая страница 65001).
         C:\Users\User\OneDrive\Рабочий стол\ОПИ\лабораторная работа\лабораторная работа №1\helloword\lab03\lab03.cpp(1,1): warning C4828: Файл содержит знак, начинающийся со смещения 0x95, который является недопустимым в текущей исходной кодировке (кодовая страница 65001).
         C:\Users\User\OneDrive\Рабочий стол\ОПИ\лабораторная работа\лабораторная работа №1\helloword\lab03\lab03.cpp(1,1): warning C4828: Файл содержит знак, начинающийся со смещения 0x99, который является недопустимым в текущей исходной кодировке (кодовая страница 65001).
         C:\Users\User\OneDrive\Рабочий стол\ОПИ\лабораторная работа\лабораторная работа №1\helloword\lab03\lab03.cpp(1,1): warning C4828: Файл содержит знак, начинающийся со смещения 0xd8, который является недопустимым в текущей исходной кодировке (кодовая страница 65001).
         C:\Users\User\OneDrive\Рабочий стол\ОПИ\лабораторная работа\лабораторная работа №1\helloword\lab03\lab03.cpp(1,1): warning C4828: Файл содержит знак, начинающийся со смещения 0xdb, который является недопустимым в текущей исходной кодировке (кодовая страница 65001).
         C:\Users\User\OneDrive\Рабочий стол\ОПИ\лабораторная работа\лабораторная работа №1\helloword\lab03\lab03.cpp(1,1): warning C4828: Файл содержит знак, начинающийся со смещения 0xde, который является недопустимым в текущей исходной кодировке (кодовая страница 65001).
         C:\Users\User\OneDrive\Рабочий стол\ОПИ\лабораторная работа\лабораторная работа №1\helloword\lab03\lab03.cpp(1,1): warning C4828: Файл содержит знак, начинающийся со смещения 0xe1, который является недопустимым в текущей исходной кодировке (кодовая страница 65001).
         C:\Users\User\OneDrive\Рабочий стол\ОПИ\лабораторная работа\лабораторная работа №1\helloword\lab03\lab03.cpp(1,1): warning C4828: Файл содержит знак, начинающийся со смещения 0xe4, который является недопустимым в текущей исходной кодировке (кодовая страница 65001).
         C:\Users\User\OneDrive\Рабочий стол\ОПИ\лабораторная работа\лабораторная работа №1\helloword\lab03\lab03.cpp(1,1): warning C4828: Файл содержит знак, начинающийся со смещения 0xe7, который является недопустимым в текущей исходной кодировке (кодовая страница 65001).
         C:\Users\User\OneDrive\Рабочий стол\ОПИ\лабораторная работа\лабораторная работа №1\helloword\lab03\lab03.cpp(1,1): warning C4828: Файл содержит знак, начинающийся со смещения 0xeb, который является недопустимым в текущей исходной кодировке (кодовая страница 65001).
         C:\Users\User\OneDrive\Рабочий стол\ОПИ\лабораторная работа\лабораторная работа №1\helloword\lab03\lab03.cpp(1,1): warning C4828: Файл содержит знак, начинающийся со смещения 0x14b, который является недопустимым в текущей исходной кодировке (кодовая страница 65001).
         C:\Users\User\OneDrive\Рабочий стол\ОПИ\лабораторная работа\лабораторная работа №1\helloword\lab03\lab03.cpp(1,1): warning C4828: Файл содержит знак, начинающийся со смещения 0x14d, который является недопустимым в текущей исходной кодировке (кодовая страница 65001).
         C:\Users\User\OneDrive\Рабочий стол\ОПИ\лабораторная работа\лабораторная работа №1\helloword\lab03\lab03.cpp(1,1): warning C4828: Файл содержит знак, начинающийся со смещения 0x150, который является недопустимым в текущей исходной кодировке (кодовая страница 65001).
         C:\Users\User\OneDrive\Рабочий стол\ОПИ\лабораторная работа\лабораторная работа №1\helloword\lab03\lab03.cpp(1,1): warning C4828: Файл содержит знак, начинающийся со смещения 0x153, который является недопустимым в текущей исходной кодировке (кодовая страница 65001).
         C:\Users\User\OneDrive\Рабочий стол\ОПИ\лабораторная работа\лабораторная работа №1\helloword\lab03\lab03.cpp(1,1): warning C4828: Файл содержит знак, начинающийся со смещения 0x156, который является недопустимым в текущей исходной кодировке (кодовая страница 65001).
         C:\Users\User\OneDrive\Рабочий стол\ОПИ\лабораторная работа\лабораторная работа №1\helloword\lab03\lab03.cpp(1,1): warning C4828: Файл содержит знак, начинающийся со смещения 0x159, который является недопустимым в текущей исходной кодировке (кодовая страница 65001).
         C:\Users\User\OneDrive\Рабочий стол\ОПИ\лабораторная работа\лабораторная работа №1\helloword\lab03\lab03.cpp(1,1): warning C4828: Файл содержит знак, начинающийся со смещения 0x15c, который является недопустимым в текущей исходной кодировке (кодовая страница 65001).
         C:\Users\User\OneDrive\Рабочий стол\ОПИ\лабораторная работа\лабораторная работа №1\helloword\lab03\lab03.cpp(1,1): warning C4828: Файл содержит знак, начинающийся со смещения 0x160, который является недопустимым в текущей исходной кодировке (кодовая страница 65001).
         C:\Users\User\OneDrive\Рабочий стол\ОПИ\лабораторная работа\лабораторная работа №1\helloword\lab03\lab03.cpp(1,1): warning C4828: Файл содержит знак, начинающийся со смещения 0x164, который является недопустимым в текущей исходной кодировке (кодовая страница 65001).
         C:\Users\User\OneDrive\Рабочий стол\ОПИ\лабораторная работа\лабораторная работа №1\helloword\lab03\lab03.cpp(1,1): warning C4828: Файл содержит знак, начинающийся со смещения 0x16e, который является недопустимым в текущей исходной кодировке (кодовая страница 65001).
         C:\Users\User\OneDrive\Рабочий стол\ОПИ\лабораторная работа\лабораторная работа №1\helloword\lab03\lab03.cpp(1,1): warning C4828: Файл содержит знак, начинающийся со смещения 0x171, который является недопустимым в текущей исходной кодировке (кодовая страница 65001).
         C:\Users\User\OneDrive\Рабочий стол\ОПИ\лабораторная работа\лабораторная работа №1\helloword\lab03\lab03.cpp(1,1): warning C4828: Файл содержит знак, начинающийся со смещения 0x174, который является недопустимым в текущей исходной кодировке (кодовая страница 65001).
         C:\Users\User\OneDrive\Рабочий стол\ОПИ\лабораторная работа\лабораторная работа №1\helloword\lab03\lab03.cpp(1,1): warning C4828: Файл содержит знак, начинающийся со смещения 0x177, который является недопустимым в текущей исходной кодировке (кодовая страница 65001).
         C:\Users\User\OneDrive\Рабочий стол\ОПИ\лабораторная работа\лабораторная работа №1\helloword\lab03\lab03.cpp(1,1): warning C4828: Файл содержит знак, начинающийся со смещения 0x17a, который является недопустимым в текущей исходной кодировке (кодовая страница 65001).
         C:\Users\User\OneDrive\Рабочий стол\ОПИ\лабораторная работа\лабораторная работа №1\helloword\lab03\lab03.cpp(1,1): warning C4828: Файл содержит знак, начинающийся со смещения 0x17d, который является недопустимым в текущей исходной кодировке (кодовая страница 65001).
         C:\Users\User\OneDrive\Рабочий стол\ОПИ\лабораторная работа\лабораторная работа №1\helloword\lab03\lab03.cpp(1,1): warning C4828: Файл содержит знак, начинающийся со смещения 0x181, который является недопустимым в текущей исходной кодировке (кодовая страница 65001).
         C:\Users\User\OneDrive\Рабочий стол\ОПИ\лабораторная работа\лабораторная работа №1\helloword\lab03\lab03.cpp(1,1): warning C4828: Файл содержит знак, начинающийся со смещения 0x1f3, который является недопустимым в текущей исходной кодировке (кодовая страница 65001).
         C:\Users\User\OneDrive\Рабочий стол\ОПИ\лабораторная работа\лабораторная работа №1\helloword\lab03\lab03.cpp(1,1): warning C4828: Файл содержит знак, начинающийся со смещения 0x1f6, который является недопустимым в текущей исходной кодировке (кодовая страница 65001).
         C:\Users\User\OneDrive\Рабочий стол\ОПИ\лабораторная работа\лабораторная работа №1\helloword\lab03\lab03.cpp(1,1): warning C4828: Файл содержит знак, начинающийся со смещения 0x1f9, который является недопустимым в текущей исходной кодировке (кодовая страница 65001).
         C:\Users\User\OneDrive\Рабочий стол\ОПИ\лабораторная работа\лабораторная работа №1\helloword\lab03\lab03.cpp(1,1): warning C4828: Файл содержит знак, начинающийся со смещения 0x1fc, который является недопустимым в текущей исходной кодировке (кодовая страница 65001).
         C:\Users\User\OneDrive\Рабочий стол\ОПИ\лабораторная работа\лабораторная работа №1\helloword\lab03\lab03.cpp(1,1): warning C4828: Файл содержит знак, начинающийся со смещения 0x1ff, который является недопустимым в текущей исходной кодировке (кодовая страница 65001).
         C:\Users\User\OneDrive\Рабочий стол\ОПИ\лабораторная работа\лабораторная работа №1\helloword\lab03\lab03.cpp(1,1): warning C4828: Файл содержит знак, начинающийся со смещения 0x202, который является недопустимым в текущей исходной кодировке (кодовая страница 65001).
         C:\Users\User\OneDrive\Рабочий стол\ОПИ\лабораторная работа\лабораторная работа №1\helloword\lab03\lab03.cpp(1,1): warning C4828: Файл содержит знак, начинающийся со смещения 0x206, который является недопустимым в текущей исходной кодировке (кодовая страница 65001).
         C:\Users\User\OneDrive\Рабочий стол\ОПИ\лабораторная работа\лабораторная работа №1\helloword\lab03\lab03.cpp(1,1): warning C4828: Файл содержит знак, начинающийся со смещения 0x2a3, который является недопустимым в текущей исходной кодировке (кодовая страница 65001).
         C:\Users\User\OneDrive\Рабочий стол\ОПИ\лабораторная работа\лабораторная работа №1\helloword\lab03\lab03.cpp(1,1): warning C4828: Файл содержит знак, начинающийся со смещения 0x2a6, который является недопустимым в текущей исходной кодировке (кодовая страница 65001).
         C:\Users\User\OneDrive\Рабочий стол\ОПИ\лабораторная работа\лабораторная работа №1\helloword\lab03\lab03.cpp(1,1): warning C4828: Файл содержит знак, начинающийся со смещения 0x2a9, который является недопустимым в текущей исходной кодировке (кодовая страница 65001).
         C:\Users\User\OneDrive\Рабочий стол\ОПИ\лабораторная работа\лабораторная работа №1\helloword\lab03\lab03.cpp(1,1): warning C4828: Файл содержит знак, начинающийся со смещения 0x2ac, который является недопустимым в текущей исходной кодировке (кодовая страница 65001).
         C:\Users\User\OneDrive\Рабочий стол\ОПИ\лабораторная работа\лабораторная работа №1\helloword\lab03\lab03.cpp(1,1): warning C4828: Файл содержит знак, начинающийся со смещения 0x2af, который является недопустимым в текущей исходной кодировке (кодовая страница 65001).
         C:\Users\User\OneDrive\Рабочий стол\ОПИ\лабораторная работа\лабораторная работа №1\helloword\lab03\lab03.cpp(1,1): warning C4828: Файл содержит знак, начинающийся со смещения 0x2b2, который является недопустимым в текущей исходной кодировке (кодовая страница 65001).
         C:\Users\User\OneDrive\Рабочий стол\ОПИ\лабораторная работа\лабораторная работа №1\helloword\lab03\lab03.cpp(1,1): warning C4828: Файл содержит знак, начинающийся со смещения 0x2b6, который является недопустимым в текущей исходной кодировке (кодовая страница 65001).
         C:\Users\User\OneDrive\Рабочий стол\ОПИ\лабораторная работа\лабораторная работа №1\helloword\lab03\lab03.cpp(1,1): warning C4828: Файл содержит знак, начинающийся со смещения 0x354, который является недопустимым в текущей исходной кодировке (кодовая страница 65001).
         C:\Users\User\OneDrive\Рабочий стол\ОПИ\лабораторная работа\лабораторная работа №1\helloword\lab03\lab03.cpp(1,1): warning C4828: Файл содержит знак, начинающийся со смещения 0x356, который является недопустимым в текущей исходной кодировке (кодовая страница 65001).
         C:\Users\User\OneDrive\Рабочий стол\ОПИ\лабораторная работа\лабораторная работа №1\helloword\lab03\lab03.cpp(1,1): warning C4828: Файл содержит знак, начинающийся со смещения 0x359, который является недопустимым в текущей исходной кодировке (кодовая страница 65001).
         C:\Users\User\OneDrive\Рабочий стол\ОПИ\лабораторная работа\лабораторная работа №1\helloword\lab03\lab03.cpp(1,1): warning C4828: Файл содержит знак, начинающийся со смещения 0x368, который является недопустимым в текущей исходной кодировке (кодовая страница 65001).
         C:\Users\User\OneDrive\Рабочий стол\ОПИ\лабораторная работа\лабораторная работа №1\helloword\lab03\lab03.cpp(1,1): warning C4828: Файл содержит знак, начинающийся со смещения 0x36b, который является недопустимым в текущей исходной кодировке (кодовая страница 65001).
         C:\Users\User\OneDrive\Рабочий стол\ОПИ\лабораторная работа\лабораторная работа №1\helloword\lab03\lab03.cpp(1,1): warning C4828: Файл содержит знак, начинающийся со смещения 0x36e, который является недопустимым в текущей исходной кодировке (кодовая страница 65001).
         C:\Users\User\OneDrive\Рабочий стол\ОПИ\лабораторная работа\лабораторная работа №1\helloword\lab03\lab03.cpp(1,1): warning C4828: Файл содержит знак, начинающийся со смещения 0x371, который является недопустимым в текущей исходной кодировке (кодовая страница 65001).
         C:\Users\User\OneDrive\Рабочий стол\ОПИ\лабораторная работа\лабораторная работа №1\helloword\lab03\lab03.cpp(1,1): warning C4828: Файл содержит знак, начинающийся со смещения 0x374, который является недопустимым в текущей исходной кодировке (кодовая страница 65001).
         C:\Users\User\OneDrive\Рабочий стол\ОПИ\лабораторная работа\лабораторная работа №1\helloword\lab03\lab03.cpp(1,1): warning C4828: Файл содержит знак, начинающийся со смещения 0x377, который является недопустимым в текущей исходной кодировке (кодовая страница 65001).
         C:\Users\User\OneDrive\Рабочий стол\ОПИ\лабораторная работа\лабораторная работа №1\helloword\lab03\lab03.cpp(1,1): warning C4828: Файл содержит знак, начинающийся со смещения 0x37b, который является недопустимым в текущей исходной кодировке (кодовая страница 65001).
         C:\Users\User\OneDrive\Рабочий стол\ОПИ\лабораторная работа\лабораторная работа №1\helloword\lab03\lab03.cpp(1,1): warning C4828: Файл содержит знак, начинающийся со смещения 0x3c3, который является недопустимым в текущей исходной кодировке (кодовая страница 65001).
         C:\Users\User\OneDrive\Рабочий стол\ОПИ\лабораторная работа\лабораторная работа №1\helloword\lab03\lab03.cpp(1,1): warning C4828: Файл содержит знак, начинающийся со смещения 0x3c6, который является недопустимым в текущей исходной кодировке (кодовая страница 65001).
         C:\Users\User\OneDrive\Рабочий стол\ОПИ\лабораторная работа\лабораторная работа №1\helloword\lab03\lab03.cpp(1,1): warning C4828: Файл содержит знак, начинающийся со смещения 0x3c9, который является недопустимым в текущей исходной кодировке (кодовая страница 65001).
         C:\Users\User\OneDrive\Рабочий стол\ОПИ\лабораторная работа\лабораторная работа №1\helloword\lab03\lab03.cpp(1,1): warning C4828: Файл содержит знак, начинающийся со смещения 0x3cc, который является недопустимым в текущей исходной кодировке (кодовая страница 65001).
         C:\Users\User\OneDrive\Рабочий стол\ОПИ\лабораторная работа\лабораторная работа №1\helloword\lab03\lab03.cpp(1,1): warning C4828: Файл содержит знак, начинающийся со смещения 0x3cf, который является недопустимым в текущей исходной кодировке (кодовая страница 65001).
         C:\Users\User\OneDrive\Рабочий стол\ОПИ\лабораторная работа\лабораторная работа №1\helloword\lab03\lab03.cpp(1,1): warning C4828: Файл содержит знак, начинающийся со смещения 0x3d2, который является недопустимым в текущей исходной кодировке (кодовая страница 65001).
         C:\Users\User\OneDrive\Рабочий стол\ОПИ\лабораторная работа\лабораторная работа №1\helloword\lab03\lab03.cpp(1,1): warning C4828: Файл содержит знак, начинающийся со смещения 0x3d6, который является недопустимым в текущей исходной кодировке (кодовая страница 65001).
         C:\Users\User\OneDrive\Рабочий стол\ОПИ\лабораторная работа\лабораторная работа №1\helloword\lab03\lab03.cpp(1,1): warning C4828: Файл содержит знак, начинающийся со смещения 0x420, который является недопустимым в текущей исходной кодировке (кодовая страница 65001).
         C:\Users\User\OneDrive\Рабочий стол\ОПИ\лабораторная работа\лабораторная работа №1\helloword\lab03\lab03.cpp(1,1): warning C4828: Файл содержит знак, начинающийся со смещения 0x423, который является недопустимым в текущей исходной кодировке (кодовая страница 65001).
         C:\Users\User\OneDrive\Рабочий стол\ОПИ\лабораторная работа\лабораторная работа №1\helloword\lab03\lab03.cpp(1,1): warning C4828: Файл содержит знак, начинающийся со смещения 0x426, который является недопустимым в текущей исходной кодировке (кодовая страница 65001).
         C:\Users\User\OneDrive\Рабочий стол\ОПИ\лабораторная работа\лабораторная работа №1\helloword\lab03\lab03.cpp(1,1): warning C4828: Файл содержит знак, начинающийся со смещения 0x429, который является недопустимым в текущей исходной кодировке (кодовая страница 65001).
         C:\Users\User\OneDrive\Рабочий стол\ОПИ\лабораторная работа\лабораторная работа №1\helloword\lab03\lab03.cpp(1,1): warning C4828: Файл содержит знак, начинающийся со смещения 0x42c, который является недопустимым в текущей исходной кодировке (кодовая страница 65001).
         C:\Users\User\OneDrive\Рабочий стол\ОПИ\лабораторная работа\лабораторная работа №1\helloword\lab03\lab03.cpp(1,1): warning C4828: Файл содержит знак, начинающийся со смещения 0x42f, который является недопустимым в текущей исходной кодировке (кодовая страница 65001).
         C:\Users\User\OneDrive\Рабочий стол\ОПИ\лабораторная работа\лабораторная работа №1\helloword\lab03\lab03.cpp(1,1): warning C4828: Файл содержит знак, начинающийся со смещения 0x433, который является недопустимым в текущей исходной кодировке (кодовая страница 65001).
         C:\Users\User\OneDrive\Рабочий стол\ОПИ\лабораторная работа\лабораторная работа №1\helloword\lab03\lab03.cpp(1,1): warning C4828: Файл содержит знак, начинающийся со смещения 0x4f7, который является недопустимым в текущей исходной кодировке (кодовая страница 65001).
         C:\Users\User\OneDrive\Рабочий стол\ОПИ\лабораторная работа\лабораторная работа №1\helloword\lab03\lab03.cpp(1,1): warning C4828: Файл содержит знак, начинающийся со смещения 0x4f9, который является недопустимым в текущей исходной кодировке (кодовая страница 65001).
         C:\Users\User\OneDrive\Рабочий стол\ОПИ\лабораторная работа\лабораторная работа №1\helloword\lab03\lab03.cpp(1,1): warning C4828: Файл содержит знак, начинающийся со смещения 0x4fc, который является недопустимым в текущей исходной кодировке (кодовая страница 65001).
         C:\Users\User\OneDrive\Рабочий стол\ОПИ\лабораторная работа\лабораторная работа №1\helloword\lab03\lab03.cpp(1,1): warning C4828: Файл содержит знак, начинающийся со смещения 0x4ff, который является недопустимым в текущей исходной кодировке (кодовая страница 65001).
         C:\Users\User\OneDrive\Рабочий стол\ОПИ\лабораторная работа\лабораторная работа №1\helloword\lab03\lab03.cpp(1,1): warning C4828: Файл содержит знак, начинающийся со смещения 0x502, который является недопустимым в текущей исходной кодировке (кодовая страница 65001).
         C:\Users\User\OneDrive\Рабочий стол\ОПИ\лабораторная работа\лабораторная работа №1\helloword\lab03\lab03.cpp(1,1): warning C4828: Файл содержит знак, начинающийся со смещения 0x505, который является недопустимым в текущей исходной кодировке (кодовая страница 65001).
         C:\Users\User\OneDrive\Рабочий стол\ОПИ\лабораторная работа\лабораторная работа №1\helloword\lab03\lab03.cpp(1,1): warning C4828: Файл содержит знак, начинающийся со смещения 0x508, который является недопустимым в текущей исходной кодировке (кодовая страница 65001).
         C:\Users\User\OneDrive\Рабочий стол\ОПИ\лабораторная работа\лабораторная работа №1\helloword\lab03\lab03.cpp(1,1): warning C4828: Файл содержит знак, начинающийся со смещения 0x50c, который является недопустимым в текущей исходной кодировке (кодовая страница 65001).
         C:\Users\User\OneDrive\Рабочий стол\ОПИ\лабораторная работа\лабораторная работа №1\helloword\lab03\lab03.cpp(1,1): warning C4828: Файл содержит знак, начинающийся со смещения 0x510, который является недопустимым в текущей исходной кодировке (кодовая страница 65001).
         C:\Users\User\OneDrive\Рабочий стол\ОПИ\лабораторная работа\лабораторная работа №1\helloword\lab03\lab03.cpp(1,1): warning C4828: Файл содержит знак, начинающийся со смещения 0x527, который является недопустимым в текущей исходной кодировке (кодовая страница 65001).
         C:\Users\User\OneDrive\Рабочий стол\ОПИ\лабораторная работа\лабораторная работа №1\helloword\lab03\lab03.cpp(1,1): warning C4828: Файл содержит знак, начинающийся со смещения 0x529, который является недопустимым в текущей исходной кодировке (кодовая страница 65001).
         C:\Users\User\OneDrive\Рабочий стол\ОПИ\лабораторная работа\лабораторная работа №1\helloword\lab03\lab03.cpp(1,1): warning C4828: Файл содержит знак, начинающийся со смещения 0x52c, который является недопустимым в текущей исходной кодировке (кодовая страница 65001).
         C:\Users\User\OneDrive\Рабочий стол\ОПИ\лабораторная работа\лабораторная работа №1\helloword\lab03\lab03.cpp(1,1): warning C4828: Файл содержит знак, начинающийся со смещения 0x579, который является недопустимым в текущей исходной кодировке (кодовая страница 65001).
         C:\Users\User\OneDrive\Рабочий стол\ОПИ\лабораторная работа\лабораторная работа №1\helloword\lab03\lab03.cpp(1,1): warning C4828: Файл содержит знак, начинающийся со смещения 0x57b, который является недопустимым в текущей исходной кодировке (кодовая страница 65001).
         C:\Users\User\OneDrive\Рабочий стол\ОПИ\лабораторная работа\лабораторная работа №1\helloword\lab03\lab03.cpp(1,1): warning C4828: Файл содержит знак, начинающийся со смещения 0x57e, который является недопустимым в текущей исходной кодировке (кодовая страница 65001).
         C:\Users\User\OneDrive\Рабочий стол\ОПИ\лабораторная работа\лабораторная работа №1\helloword\lab03\lab03.cpp(1,1): warning C4828: Файл содержит знак, начинающийся со смещения 0x581, который является недопустимым в текущей исходной кодировке (кодовая страница 65001).
         C:\Users\User\OneDrive\Рабочий стол\ОПИ\лабораторная работа\лабораторная работа №1\helloword\lab03\lab03.cpp(1,1): warning C4828: Файл содержит знак, начинающийся со смещения 0x584, который является недопустимым в текущей исходной кодировке (кодовая страница 65001).
         C:\Users\User\OneDrive\Рабочий стол\ОПИ\лабораторная работа\лабораторная работа №1\helloword\lab03\lab03.cpp(1,1): warning C4828: Файл содержит знак, начинающийся со смещения 0x587, который является недопустимым в текущей исходной кодировке (кодовая страница 65001).
         C:\Users\User\OneDrive\Рабочий стол\ОПИ\лабораторная работа\лабораторная работа №1\helloword\lab03\lab03.cpp(1,1): warning C4828: Файл содержит знак, начинающийся со смещения 0x58a, который является недопустимым в текущей исходной кодировке (кодовая страница 65001).
         C:\Users\User\OneDrive\Рабочий стол\ОПИ\лабораторная работа\лабораторная работа №1\helloword\lab03\lab03.cpp(1,1): warning C4828: Файл содержит знак, начинающийся со смещения 0x58e, который является недопустимым в текущей исходной кодировке (кодовая страница 65001).
         C:\Users\User\OneDrive\Рабочий стол\ОПИ\лабораторная работа\лабораторная работа №1\helloword\lab03\lab03.cpp(1,1): warning C4828: Файл содержит знак, начинающийся со смещения 0x592, который является недопустимым в текущей исходной кодировке (кодовая страница 65001).
         C:\Users\User\OneDrive\Рабочий стол\ОПИ\лабораторная работа\лабораторная работа №1\helloword\lab03\lab03.cpp(1,1): warning C4828: Файл содержит знак, начинающийся со смещения 0x5ad, который является недопустимым в текущей исходной кодировке (кодовая страница 65001).
         C:\Users\User\OneDrive\Рабочий стол\ОПИ\лабораторная работа\лабораторная работа №1\helloword\lab03\lab03.cpp(1,1): warning C4828: Файл содержит знак, начинающийся со смещения 0x5af, который является недопустимым в текущей исходной кодировке (кодовая страница 65001).
         C:\Users\User\OneDrive\Рабочий стол\ОПИ\лабораторная работа\лабораторная работа №1\helloword\lab03\lab03.cpp(1,1): warning C4828: Файл содержит знак, начинающийся со смещения 0x5b2, который является недопустимым в текущей исходной кодировке (кодовая страница 65001).

    Предупреждений: 99
    Ошибок: 0

Прошло времени 00:00:02.86
