Сборка начата 16.11.2021 14:53:07.
Уровень детализации журнала: Normal.     1>Проект "C:\Users\User\OneDrive\Рабочий стол\ОПИ\лабораторная работа\Лабораторная работа №6\lab6\lab6\lab6.vcxproj" в узле 2 (целевые объекты Build).
     1>InitializeBuildStatus:
         Создание "Debug\lab6.tlog\unsuccessfulbuild", так как было задано "AlwaysCreate".
       ClCompile:
         C:\Program Files (x86)\Microsoft Visual Studio\2019\Enterprise\VC\Tools\MSVC\14.29.30133\bin\HostX86\x86\CL.exe /c /ZI /JMC /nologo /W3 /WX- /diagnostics:column /sdl /Od /Oy- /D WIN32 /D _DEBUG /D _CONSOLE /D _UNICODE /D UNICODE /Gm- /EHsc /RTC1 /MDd /GS /fp:precise /permissive- /Zc:wchar_t /Zc:forScope /Zc:inline /Fo"Debug\\" /Fd"Debug\vc142.pdb" /external:W3 /Gd /TP /analyze- /FC /errorReport:prompt action.cpp
         action.cpp
       Link:
         C:\Program Files (x86)\Microsoft Visual Studio\2019\Enterprise\VC\Tools\MSVC\14.29.30133\bin\HostX86\x86\link.exe /ERRORREPORT:PROMPT /OUT:"C:\Users\User\OneDrive\Рабочий стол\ОПИ\лабораторная работа\Лабораторная работа №6\lab6\Debug\lab6.exe" /INCREMENTAL /ILK:"Debug\lab6.ilk" /NOLOGO kernel32.lib user32.lib gdi32.lib winspool.lib comdlg32.lib advapi32.lib shell32.lib ole32.lib oleaut32.lib uuid.lib odbc32.lib odbccp32.lib /MANIFEST /MANIFESTUAC:"level='asInvoker' uiAccess='false'" /manifest:embed /DEBUG /PDB:"C:\Users\User\OneDrive\Рабочий стол\ОПИ\лабораторная работа\Лабораторная работа №6\lab6\Debug\lab6.pdb" /SUBSYSTEM:CONSOLE /TLBID:1 /DYNAMICBASE /NXCOMPAT /IMPLIB:"C:\Users\User\OneDrive\Рабочий стол\ОПИ\лабораторная работа\Лабораторная работа №6\lab6\Debug\lab6.lib" /MACHINE:X86 Debug\action.obj
         Debug\EnterY.obj
         Debug\Diff.obj
         Debug\main.obj
         lab6.vcxproj -> C:\Users\User\OneDrive\Рабочий стол\ОПИ\лабораторная работа\Лабораторная работа №6\lab6\Debug\lab6.exe
       FinalizeBuildStatus:
         Файл "Debug\lab6.tlog\unsuccessfulbuild" удаляется.
         Обращение к "Debug\lab6.tlog\lab6.lastbuildstate".
     1>Сборка проекта "C:\Users\User\OneDrive\Рабочий стол\ОПИ\лабораторная работа\Лабораторная работа №6\lab6\lab6\lab6.vcxproj" завершена (целевые объекты Build).

Сборка успешно завершена.
    Предупреждений: 0
    Ошибок: 0

Прошло времени 00:00:03.26
